<?xml version="1.0" encoding="UTF-8"?>
<!-- Generated by org.testng.reporters.JUnitXMLReporter -->
<testsuite ignored="0" hostname="DVTL8HM6GS1" failures="0" tests="6" name="Personal Loans" time="0.017" errors="0" timestamp="2021-10-28T11:39:14 SAST">
  <testcase classname="Loans.PersonalLoans" name="fiveTest" time="0.0"/>
  <testcase classname="Loans.PersonalLoans" name="personalLoanFraud" time="0.001"/>
  <testcase classname="Loans.PersonalLoans" name="sixTest" time="0.0"/>
  <testcase classname="Loans.PersonalLoans2" name="fiveTest" time="0.0"/>
  <testcase classname="Loans.PersonalLoans2" name="personalLoanFraud" time="0.0"/>
  <testcase classname="Loans.PersonalLoans2" name="sixTest" time="0.001"/>
</testsuite> <!-- Personal Loans -->
