<?xml version="1.0" encoding="UTF-8"?>
<!-- Generated by org.testng.reporters.JUnitXMLReporter -->
<testsuite ignored="0" hostname="DVTL8HM6GS1" failures="0" tests="3" name="Vehicle Loans" time="0.017" errors="0" timestamp="2021-10-28T11:39:14 SAST">
  <testcase classname="Loans.VehicleLoans" name="nineTest" time="0.0"/>
  <testcase classname="Loans.VehicleLoans" name="tenTest" time="0.002"/>
  <testcase classname="Loans.VehicleLoans" name="vehicleLoanFraud" time="0.003"/>
</testsuite> <!-- Vehicle Loans -->
