-------------------------------------------------------------------------------
Test set: TestSuite
-------------------------------------------------------------------------------
Tests run: 16, Failures: 1, Errors: 0, Skipped: 0, Time elapsed: 21.037 s <<< FAILURE! - in TestSuite
Loans.HomeLoans.homeLoanFraud  Time elapsed: 0.003 s  <<< FAILURE!
java.lang.AssertionError: expected [true] but found [false]
	at Loans.HomeLoans.homeLoanFraud(HomeLoans.java:21)

