<?xml version="1.0" encoding="UTF-8"?>
<testsuite xmlns:xsi="http://www.w3.org/2001/XMLSchema-instance" xsi:noNamespaceSchemaLocation="https://maven.apache.org/surefire/maven-surefire-plugin/xsd/surefire-test-report-3.0.xsd" version="3.0" name="TestSuite" time="21.037" tests="16" errors="0" skipped="0" failures="1">
  <properties>
[...]
</properties>
  <testcase name="firstTest" classname="Loans.HomeLoans" time="0.006">
    <system-out><![CDATA[On start org.testng.TestRunner@4c550889
On test start [TestResult name=firstTest status=STARTED method=HomeLoans.firstTest()[pri:0, instance:Loans.HomeLoans@3a3e78f] output={null}]
First Home Loans
]]></system-out>
    <system-err><![CDATA[Starting ChromeDriver 2.42.591088 (7b2b2dca23cca0862f674758c9a3933e685c27d5) on port 31170
Only local connections are allowed.
Oct 28, 2021 11:39:03 AM org.openqa.selenium.remote.ProtocolHandshake createSession
INFO: Detected dialect: OSS
]]></system-err>
  </testcase>
  <testcase name="homeLoanFraud" classname="Loans.HomeLoans" time="0.003">
    <failure message="expected [true] but found [false]" type="java.lang.AssertionError"><![CDATA[java.lang.AssertionError: expected [true] but found [false]
	at Loans.HomeLoans.homeLoanFraud(HomeLoans.java:21)
]]></failure>
    <system-out><![CDATA[On test success [TestResult name=firstTest status=SUCCESS method=HomeLoans.firstTest()[pri:0, instance:Loans.HomeLoans@3a3e78f] output={null}]
On test start [TestResult name=homeLoanFraud status=STARTED method=HomeLoans.homeLoanFraud()[pri:0, instance:Loans.HomeLoans@3a3e78f] output={null}]
Fraud Home Loans
]]></system-out>
  </testcase>
  <testcase name="secondTest" classname="Loans.HomeLoans" time="0.005">
    <system-out><![CDATA[On test failure [TestResult name=homeLoanFraud status=FAILURE method=HomeLoans.homeLoanFraud()[pri:0, instance:Loans.HomeLoans@3a3e78f] output={null}]
On test start [TestResult name=secondTest status=STARTED method=HomeLoans.secondTest()[pri:0, instance:Loans.HomeLoans@3a3e78f] output={null}]
Second Home Loans
]]></system-out>
  </testcase>
  <testcase name="fourthTest" classname="Loans.Homeloans2" time="0.003">
    <system-out><![CDATA[On test success [TestResult name=secondTest status=SUCCESS method=HomeLoans.secondTest()[pri:0, instance:Loans.HomeLoans@3a3e78f] output={null}]
On test start [TestResult name=fourthTest status=STARTED method=Homeloans2.fourthTest()[pri:0, instance:Loans.Homeloans2@3243b914] output={null}]
Fourth Home Loans
]]></system-out>
  </testcase>
  <testcase name="home2LoanFraud" classname="Loans.Homeloans2" time="0.005">
    <system-out><![CDATA[On test success [TestResult name=fourthTest status=SUCCESS method=Homeloans2.fourthTest()[pri:0, instance:Loans.Homeloans2@3243b914] output={null}]
On test start [TestResult name=home2LoanFraud status=STARTED method=Homeloans2.home2LoanFraud()[pri:0, instance:Loans.Homeloans2@3243b914] output={null}]
Fraud Home2 Loans
]]></system-out>
  </testcase>
  <testcase name="propertFraud" classname="Loans.Homeloans2" time="0.003">
    <system-out><![CDATA[On test success [TestResult name=home2LoanFraud status=SUCCESS method=Homeloans2.home2LoanFraud()[pri:0, instance:Loans.Homeloans2@3243b914] output={null}]
On test start [TestResult name=propertFraud status=STARTED method=Homeloans2.propertFraud()[pri:0, instance:Loans.Homeloans2@3243b914] output={null}]
Fraud property Loans
]]></system-out>
  </testcase>
  <testcase name="thirdTest" classname="Loans.Homeloans2" time="0.007">
    <system-out><![CDATA[On test success [TestResult name=propertFraud status=SUCCESS method=Homeloans2.propertFraud()[pri:0, instance:Loans.Homeloans2@3243b914] output={null}]
On test start [TestResult name=thirdTest status=STARTED method=Homeloans2.thirdTest()[pri:0, instance:Loans.Homeloans2@3243b914] output={null}]
Third Home Loans
]]></system-out>
  </testcase>
  <testcase name="fiveTest" classname="Loans.PersonalLoans" time="0.005">
    <system-out><![CDATA[On test success [TestResult name=thirdTest status=SUCCESS method=Homeloans2.thirdTest()[pri:0, instance:Loans.Homeloans2@3243b914] output=Expected ----------------Almost passed]
On Finish org.testng.TestRunner@4c550889
On start org.testng.TestRunner@665df3c6
On test start [TestResult name=fiveTest status=STARTED method=PersonalLoans.fiveTest()[pri:0, instance:Loans.PersonalLoans@3300f4fd] output={null}]
Fifth Personal Loans
]]></system-out>
  </testcase>
  <testcase name="personalLoanFraud" classname="Loans.PersonalLoans" time="0.003">
    <system-out><![CDATA[On test success [TestResult name=fiveTest status=SUCCESS method=PersonalLoans.fiveTest()[pri:0, instance:Loans.PersonalLoans@3300f4fd] output={null}]
On test start [TestResult name=personalLoanFraud status=STARTED method=PersonalLoans.personalLoanFraud()[pri:0, instance:Loans.PersonalLoans@3300f4fd] output={null}]
Fraud Personal Loans
]]></system-out>
  </testcase>
  <testcase name="sixTest" classname="Loans.PersonalLoans" time="0.003">
    <system-out><![CDATA[On test success [TestResult name=personalLoanFraud status=SUCCESS method=PersonalLoans.personalLoanFraud()[pri:0, instance:Loans.PersonalLoans@3300f4fd] output={null}]
On test start [TestResult name=sixTest status=STARTED method=PersonalLoans.sixTest()[pri:0, instance:Loans.PersonalLoans@3300f4fd] output={null}]
Sixth Personal Loans
]]></system-out>
  </testcase>
  <testcase name="fiveTest" classname="Loans.PersonalLoans2" time="0.003">
    <system-out><![CDATA[On test success [TestResult name=sixTest status=SUCCESS method=PersonalLoans.sixTest()[pri:0, instance:Loans.PersonalLoans@3300f4fd] output={null}]
On test start [TestResult name=fiveTest status=STARTED method=PersonalLoans2.fiveTest()[pri:0, instance:Loans.PersonalLoans2@ebb6851] output={null}]
Fifth Personal Loans
]]></system-out>
  </testcase>
  <testcase name="personalLoanFraud" classname="Loans.PersonalLoans2" time="0.005">
    <system-out><![CDATA[On test success [TestResult name=fiveTest status=SUCCESS method=PersonalLoans2.fiveTest()[pri:0, instance:Loans.PersonalLoans2@ebb6851] output={null}]
On test start [TestResult name=personalLoanFraud status=STARTED method=PersonalLoans2.personalLoanFraud()[pri:0, instance:Loans.PersonalLoans2@ebb6851] output={null}]
Fraud Personal Loans
]]></system-out>
  </testcase>
  <testcase name="sixTest" classname="Loans.PersonalLoans2" time="0.002">
    <system-out><![CDATA[On test success [TestResult name=personalLoanFraud status=SUCCESS method=PersonalLoans2.personalLoanFraud()[pri:0, instance:Loans.PersonalLoans2@ebb6851] output={null}]
On test start [TestResult name=sixTest status=STARTED method=PersonalLoans2.sixTest()[pri:0, instance:Loans.PersonalLoans2@ebb6851] output={null}]
Sixth Personal Loans
]]></system-out>
  </testcase>
  <testcase name="nineTest" classname="Loans.VehicleLoans" time="0.003">
    <system-out><![CDATA[On test success [TestResult name=sixTest status=SUCCESS method=PersonalLoans2.sixTest()[pri:0, instance:Loans.PersonalLoans2@ebb6851] output={null}]
On Finish org.testng.TestRunner@665df3c6
On start org.testng.TestRunner@3f792b9b
On test start [TestResult name=nineTest status=STARTED method=VehicleLoans.nineTest()[pri:0, instance:Loans.VehicleLoans@49872d67] output={null}]
Nineth Vehicle Loans
]]></system-out>
  </testcase>
  <testcase name="tenTest" classname="Loans.VehicleLoans" time="0.005">
    <system-out><![CDATA[On test success [TestResult name=nineTest status=SUCCESS method=VehicleLoans.nineTest()[pri:0, instance:Loans.VehicleLoans@49872d67] output={null}]
On test start [TestResult name=tenTest status=STARTED method=VehicleLoans.tenTest()[pri:0, instance:Loans.VehicleLoans@49872d67] output={null}]
Tenth vehicle Loans
]]></system-out>
  </testcase>
  <testcase name="vehicleLoanFraud" classname="Loans.VehicleLoans" time="0.003">
    <system-out><![CDATA[On test success [TestResult name=tenTest status=SUCCESS method=VehicleLoans.tenTest()[pri:0, instance:Loans.VehicleLoans@49872d67] output={null}]
On test start [TestResult name=vehicleLoanFraud status=STARTED method=VehicleLoans.vehicleLoanFraud()[pri:0, instance:Loans.VehicleLoans@49872d67] output={null}]
Fraud vehicle Loans
]]></system-out>
  </testcase>
</testsuite>